<?xml version="1.0" encoding="UTF-8"?>
<robot generator="Robot 4.0.3 (Python 3.9.2 on win32)" generated="20210628 19:19:04.196" rpa="false" schemaversion="2">
<suite id="s1" name="AddToWishlistFunctionality" source="C:\Users\Armen\Documents\PyCharm Projects\RobotFW-Project\TestSuite\ozon\AddToWishlistFunctionality.robot">
<test id="s1-t1" name="Verify 'Add to wishlist' buttons and the count of wishlist items">
<kw name="Start Test" library="Commons" type="SETUP">
<arg>http://ozon.ru</arg>
<arg>${browser}</arg>
<kw name="Open Browser" library="SeleniumLibrary">
<arg>${url}</arg>
<arg>${browser}</arg>
<doc>Opens a new browser instance to the optional ``url``.</doc>
<msg timestamp="20210628 19:19:04.365" level="INFO">Opening browser 'ff' to base url 'http://ozon.ru'.</msg>
<msg timestamp="20210628 19:19:04.365" level="INFO">Firefox driver log is always forced to to: C:\Users\Armen\Documents\PyCharm Projects\RobotFW-Project\Results\ozon\geckodriver-1.log</msg>
<status status="PASS" starttime="20210628 19:19:04.365" endtime="20210628 19:19:11.279"/>
</kw>
<kw name="Maximize Browser Window" library="SeleniumLibrary">
<doc>Maximizes current browser window.</doc>
<status status="PASS" starttime="20210628 19:19:11.279" endtime="20210628 19:19:11.544"/>
</kw>
<status status="PASS" starttime="20210628 19:19:04.365" endtime="20210628 19:19:11.544"/>
</kw>
<kw name="Search Text">
<arg>${search_text}</arg>
<kw name="Input Text" library="SeleniumLibrary">
<arg>${search_field}</arg>
<arg>${search_text}</arg>
<doc>Types the given ``text`` into the text field identified by ``locator``.</doc>
<msg timestamp="20210628 19:19:11.546" level="INFO">Typing text 'hair dryer' into text field '//input[@name='search']'.</msg>
<status status="PASS" starttime="20210628 19:19:11.546" endtime="20210628 19:19:12.274"/>
</kw>
<kw name="Click Button" library="SeleniumLibrary">
<arg>${search_button}</arg>
<doc>Clicks the button identified by ``locator``.</doc>
<msg timestamp="20210628 19:19:12.274" level="INFO">Clicking button '//button[@class='b7j']'.</msg>
<status status="PASS" starttime="20210628 19:19:12.274" endtime="20210628 19:19:12.791"/>
</kw>
<status status="PASS" starttime="20210628 19:19:11.545" endtime="20210628 19:19:12.791"/>
</kw>
<kw name="Add Items To Wishlist">
<arg>${item_xpath}</arg>
<kw name="Wait Until Page Contains Element" library="SeleniumLibrary">
<arg>${item_xpath}</arg>
<doc>Waits until the element ``locator`` appears on the current page.</doc>
<status status="PASS" starttime="20210628 19:19:12.792" endtime="20210628 19:19:14.588"/>
</kw>
<kw name="Get WebElements" library="SeleniumLibrary">
<var>${items}</var>
<arg>${item_xpath}</arg>
<doc>Returns a list of WebElement objects matching the ``locator``.</doc>
<msg timestamp="20210628 19:19:14.612" level="INFO">${items} = [&lt;selenium.webdriver.firefox.webelement.FirefoxWebElement (session="e2eccf4b-cdf2-4181-81ff-0f0ff1c9fe91", element="737df939-6d0a-4bd2-93f3-0ad8f4e83e65")&gt;, &lt;selenium.webdriver.firefox.webelement.Fire...</msg>
<status status="PASS" starttime="20210628 19:19:14.588" endtime="20210628 19:19:14.612"/>
</kw>
<kw name="Get WebElements" library="SeleniumLibrary">
<var>${add_to_wishlist_buttons}</var>
<arg>${add_to_wishlist_button}</arg>
<doc>Returns a list of WebElement objects matching the ``locator``.</doc>
<msg timestamp="20210628 19:19:14.780" level="INFO">${add_to_wishlist_buttons} = [&lt;selenium.webdriver.firefox.webelement.FirefoxWebElement (session="e2eccf4b-cdf2-4181-81ff-0f0ff1c9fe91", element="11fa7c82-c38e-401e-9e95-524b314f41f1")&gt;, &lt;selenium.webdriver.firefox.webelement.Fire...</msg>
<status status="PASS" starttime="20210628 19:19:14.612" endtime="20210628 19:19:14.780"/>
</kw>
<for flavor="IN RANGE">
<var>${index}</var>
<value>0</value>
<value>${expected_count}</value>
<iter>
<var name="${index}">0</var>
<kw name="Click Button" library="SeleniumLibrary">
<arg>${add_to_wishlist_buttons}[${index}]</arg>
<doc>Clicks the button identified by ``locator``.</doc>
<msg timestamp="20210628 19:19:14.781" level="INFO">Clicking button '&lt;selenium.webdriver.firefox.webelement.FirefoxWebElement (session="e2eccf4b-cdf2-4181-81ff-0f0ff1c9fe91", element="11fa7c82-c38e-401e-9e95-524b314f41f1")&gt;'.</msg>
<status status="PASS" starttime="20210628 19:19:14.781" endtime="20210628 19:19:15.239"/>
</kw>
<status status="PASS" starttime="20210628 19:19:14.781" endtime="20210628 19:19:15.239"/>
</iter>
<iter>
<var name="${index}">1</var>
<kw name="Click Button" library="SeleniumLibrary">
<arg>${add_to_wishlist_buttons}[${index}]</arg>
<doc>Clicks the button identified by ``locator``.</doc>
<msg timestamp="20210628 19:19:15.240" level="INFO">Clicking button '&lt;selenium.webdriver.firefox.webelement.FirefoxWebElement (session="e2eccf4b-cdf2-4181-81ff-0f0ff1c9fe91", element="bd32db9d-c9a6-45a5-8fa1-e705faf8f73d")&gt;'.</msg>
<status status="PASS" starttime="20210628 19:19:15.239" endtime="20210628 19:19:15.476"/>
</kw>
<status status="PASS" starttime="20210628 19:19:15.239" endtime="20210628 19:19:15.476"/>
</iter>
<iter>
<var name="${index}">2</var>
<kw name="Click Button" library="SeleniumLibrary">
<arg>${add_to_wishlist_buttons}[${index}]</arg>
<doc>Clicks the button identified by ``locator``.</doc>
<msg timestamp="20210628 19:19:15.477" level="INFO">Clicking button '&lt;selenium.webdriver.firefox.webelement.FirefoxWebElement (session="e2eccf4b-cdf2-4181-81ff-0f0ff1c9fe91", element="32b7f6d4-7a4e-40bb-b2fd-6c493089267c")&gt;'.</msg>
<status status="PASS" starttime="20210628 19:19:15.477" endtime="20210628 19:19:15.722"/>
</kw>
<status status="PASS" starttime="20210628 19:19:15.476" endtime="20210628 19:19:15.722"/>
</iter>
<iter>
<var name="${index}">3</var>
<kw name="Click Button" library="SeleniumLibrary">
<arg>${add_to_wishlist_buttons}[${index}]</arg>
<doc>Clicks the button identified by ``locator``.</doc>
<msg timestamp="20210628 19:19:15.722" level="INFO">Clicking button '&lt;selenium.webdriver.firefox.webelement.FirefoxWebElement (session="e2eccf4b-cdf2-4181-81ff-0f0ff1c9fe91", element="79dc28b3-ecfb-4a6c-aa65-2643dedda2bd")&gt;'.</msg>
<status status="PASS" starttime="20210628 19:19:15.722" endtime="20210628 19:19:15.954"/>
</kw>
<status status="PASS" starttime="20210628 19:19:15.722" endtime="20210628 19:19:15.954"/>
</iter>
<iter>
<var name="${index}">4</var>
<kw name="Click Button" library="SeleniumLibrary">
<arg>${add_to_wishlist_buttons}[${index}]</arg>
<doc>Clicks the button identified by ``locator``.</doc>
<msg timestamp="20210628 19:19:15.956" level="INFO">Clicking button '&lt;selenium.webdriver.firefox.webelement.FirefoxWebElement (session="e2eccf4b-cdf2-4181-81ff-0f0ff1c9fe91", element="1a49dc78-67a3-4729-a334-880baecdf368")&gt;'.</msg>
<status status="PASS" starttime="20210628 19:19:15.954" endtime="20210628 19:19:16.188"/>
</kw>
<status status="PASS" starttime="20210628 19:19:15.954" endtime="20210628 19:19:16.188"/>
</iter>
<iter>
<var name="${index}">5</var>
<kw name="Click Button" library="SeleniumLibrary">
<arg>${add_to_wishlist_buttons}[${index}]</arg>
<doc>Clicks the button identified by ``locator``.</doc>
<msg timestamp="20210628 19:19:16.188" level="INFO">Clicking button '&lt;selenium.webdriver.firefox.webelement.FirefoxWebElement (session="e2eccf4b-cdf2-4181-81ff-0f0ff1c9fe91", element="207ad69d-9b95-4534-a3c1-a11b69e878d6")&gt;'.</msg>
<status status="PASS" starttime="20210628 19:19:16.188" endtime="20210628 19:19:16.404"/>
</kw>
<status status="PASS" starttime="20210628 19:19:16.188" endtime="20210628 19:19:16.404"/>
</iter>
<iter>
<var name="${index}">6</var>
<kw name="Click Button" library="SeleniumLibrary">
<arg>${add_to_wishlist_buttons}[${index}]</arg>
<doc>Clicks the button identified by ``locator``.</doc>
<msg timestamp="20210628 19:19:16.404" level="INFO">Clicking button '&lt;selenium.webdriver.firefox.webelement.FirefoxWebElement (session="e2eccf4b-cdf2-4181-81ff-0f0ff1c9fe91", element="a3647990-0a2a-43a8-af79-388c1fb7f1df")&gt;'.</msg>
<status status="PASS" starttime="20210628 19:19:16.404" endtime="20210628 19:19:16.621"/>
</kw>
<status status="PASS" starttime="20210628 19:19:16.404" endtime="20210628 19:19:16.621"/>
</iter>
<iter>
<var name="${index}">7</var>
<kw name="Click Button" library="SeleniumLibrary">
<arg>${add_to_wishlist_buttons}[${index}]</arg>
<doc>Clicks the button identified by ``locator``.</doc>
<msg timestamp="20210628 19:19:16.621" level="INFO">Clicking button '&lt;selenium.webdriver.firefox.webelement.FirefoxWebElement (session="e2eccf4b-cdf2-4181-81ff-0f0ff1c9fe91", element="8839af40-35cb-4e01-aec3-50c2a0d62e02")&gt;'.</msg>
<status status="PASS" starttime="20210628 19:19:16.621" endtime="20210628 19:19:16.852"/>
</kw>
<status status="PASS" starttime="20210628 19:19:16.621" endtime="20210628 19:19:16.852"/>
</iter>
<status status="PASS" starttime="20210628 19:19:14.780" endtime="20210628 19:19:16.852"/>
</for>
<kw name="Sleep" library="BuiltIn">
<arg>1</arg>
<doc>Pauses the test executed for the given time.</doc>
<msg timestamp="20210628 19:19:17.856" level="INFO">Slept 1 second</msg>
<status status="PASS" starttime="20210628 19:19:16.852" endtime="20210628 19:19:17.856"/>
</kw>
<status status="PASS" starttime="20210628 19:19:12.791" endtime="20210628 19:19:17.856"/>
</kw>
<kw name="Go To Wishlist Page">
<arg>${wishlist_link}</arg>
<kw name="Click Link" library="SeleniumLibrary">
<arg>${wishlist_link}</arg>
<doc>Clicks a link identified by ``locator``.</doc>
<msg timestamp="20210628 19:19:17.856" level="INFO">Clicking link '//a[@href='/my/favorites']'.</msg>
<status status="PASS" starttime="20210628 19:19:17.856" endtime="20210628 19:19:18.094"/>
</kw>
<kw name="Wait Until Page Contains Element" library="SeleniumLibrary">
<arg>${item_xpath}</arg>
<doc>Waits until the element ``locator`` appears on the current page.</doc>
<status status="PASS" starttime="20210628 19:19:18.094" endtime="20210628 19:19:18.241"/>
</kw>
<status status="PASS" starttime="20210628 19:19:17.856" endtime="20210628 19:19:18.241"/>
</kw>
<kw name="Check The Count Of Elements">
<arg>${item_xpath}</arg>
<kw name="Sleep" library="BuiltIn">
<arg>1</arg>
<doc>Pauses the test executed for the given time.</doc>
<msg timestamp="20210628 19:19:19.245" level="INFO">Slept 1 second</msg>
<status status="PASS" starttime="20210628 19:19:18.241" endtime="20210628 19:19:19.245"/>
</kw>
<kw name="Get Element Count" library="SeleniumLibrary">
<var>${actual_count}</var>
<arg>${item_xpath}</arg>
<doc>Returns the number of elements matching ``locator``.</doc>
<msg timestamp="20210628 19:19:19.245" level="INFO">${actual_count} = 8</msg>
<status status="PASS" starttime="20210628 19:19:19.245" endtime="20210628 19:19:19.245"/>
</kw>
<kw name="Should Be Equal As Integers" library="BuiltIn">
<arg>${actual_count}</arg>
<arg>${expected_count}</arg>
<doc>Fails if objects are unequal after converting them to integers.</doc>
<msg timestamp="20210628 19:19:19.260" level="INFO">Argument types are:
&lt;class 'int'&gt;
&lt;type 'unicode'&gt;</msg>
<status status="PASS" starttime="20210628 19:19:19.245" endtime="20210628 19:19:19.260"/>
</kw>
<status status="PASS" starttime="20210628 19:19:18.241" endtime="20210628 19:19:19.260"/>
</kw>
<kw name="Finish Test" library="Commons" type="TEARDOWN">
<kw name="Close All Browsers" library="SeleniumLibrary">
<doc>Closes all open browsers and resets the browser cache.</doc>
<status status="PASS" starttime="20210628 19:19:19.260" endtime="20210628 19:19:20.370"/>
</kw>
<status status="PASS" starttime="20210628 19:19:19.260" endtime="20210628 19:19:20.370"/>
</kw>
<status status="PASS" starttime="20210628 19:19:04.365" endtime="20210628 19:19:20.370"/>
</test>
<doc>This test suite verifies that the
count of added to wishlist elements
is corresponding to the actual
element count in wishlist page.</doc>
<status status="PASS" starttime="20210628 19:19:04.203" endtime="20210628 19:19:20.370"/>
</suite>
<statistics>
<total>
<stat pass="1" fail="0" skip="0">All Tests</stat>
</total>
<tag>
</tag>
<suite>
<stat pass="1" fail="0" skip="0" id="s1" name="AddToWishlistFunctionality">AddToWishlistFunctionality</stat>
</suite>
</statistics>
<errors>
</errors>
</robot>
