<?xml version="1.0" encoding="UTF-8"?>
<robot generator="Robot 4.0.2 (Python 3.9.2 on win32)" generated="20210627 21:48:20.168" rpa="false" schemaversion="2">
<suite id="s1" name="VerifyResultsCount" source="C:\Users\Armen\Documents\PyCharm Projects\RobotFW-Project\TestSuite\eBay\VerifyResultsCount.robot">
<kw name="Start Test" library="Commons" type="SETUP">
<arg>https://www.ebay.com/</arg>
<arg>${browser}</arg>
<kw name="Open Browser" library="SeleniumLibrary">
<arg>${url}</arg>
<arg>${browser}</arg>
<doc>Opens a new browser instance to the optional ``url``.</doc>
<msg timestamp="20210627 21:48:20.347" level="INFO">Opening browser 'chrome' to base url 'https://www.ebay.com/'.</msg>
<status status="PASS" starttime="20210627 21:48:20.347" endtime="20210627 21:48:23.226"/>
</kw>
<kw name="Maximize Browser Window" library="SeleniumLibrary">
<doc>Maximizes current browser window.</doc>
<status status="PASS" starttime="20210627 21:48:23.226" endtime="20210627 21:48:23.354"/>
</kw>
<status status="PASS" starttime="20210627 21:48:20.347" endtime="20210627 21:48:23.354"/>
</kw>
<test id="s1-t1" name="The Number Of Results Per Page Should be Equal To Selected Amount">
<kw name="Input Text" library="SeleniumLibrary">
<arg>id:${search_field}</arg>
<arg>${search_text}</arg>
<doc>Types the given ``text`` into the text field identified by ``locator``.</doc>
<msg timestamp="20210627 21:48:23.356" level="INFO">Typing text 'robot' into text field 'id:gh-ac'.</msg>
<status status="PASS" starttime="20210627 21:48:23.355" endtime="20210627 21:48:23.469"/>
</kw>
<kw name="Click Button" library="SeleniumLibrary">
<arg>id:${search_button}</arg>
<doc>Clicks the button identified by ``locator``.</doc>
<msg timestamp="20210627 21:48:23.469" level="INFO">Clicking button 'id:gh-btn'.</msg>
<status status="PASS" starttime="20210627 21:48:23.469" endtime="20210627 21:48:25.017"/>
</kw>
<kw name="Wait Until Page Contains Element" library="SeleniumLibrary">
<arg>${dropdown_button}</arg>
<doc>Waits until the element ``locator`` appears on the current page.</doc>
<status status="PASS" starttime="20210627 21:48:25.018" endtime="20210627 21:48:25.171"/>
</kw>
<kw name="Click Button" library="SeleniumLibrary">
<arg>${dropdown_button}</arg>
<doc>Clicks the button identified by ``locator``.</doc>
<msg timestamp="20210627 21:48:25.171" level="INFO">Clicking button '//span[@aria-labelledby='srp-ipp-label-text']//button[contains(@class, 'fake-menu-button__button')]'.</msg>
<status status="PASS" starttime="20210627 21:48:25.171" endtime="20210627 21:48:25.262"/>
</kw>
<kw name="Click Link" library="SeleniumLibrary">
<arg>xpath:${first_button_of_dropdown}</arg>
<doc>Clicks a link identified by ``locator``.</doc>
<msg timestamp="20210627 21:48:25.264" level="INFO">Clicking link 'xpath://div[@id='s0-14-11-6-3-SEARCH_PAGINATION_MODEL_V2-answer-23-2-3-content-menu']/a[1]'.</msg>
<status status="PASS" starttime="20210627 21:48:25.263" endtime="20210627 21:48:26.748"/>
</kw>
<kw name="Wait Until Page Contains Element" library="SeleniumLibrary">
<arg>xpath:${item}</arg>
<doc>Waits until the element ``locator`` appears on the current page.</doc>
<status status="PASS" starttime="20210627 21:48:26.749" endtime="20210627 21:48:26.774"/>
</kw>
<kw name="Get Element Count" library="SeleniumLibrary">
<var>${actual_item_count}</var>
<arg>xpath:${item}</arg>
<doc>Returns the number of elements matching ``locator``.</doc>
<msg timestamp="20210627 21:48:26.873" level="INFO">${actual_item_count} = 38</msg>
<status status="PASS" starttime="20210627 21:48:26.775" endtime="20210627 21:48:26.873"/>
</kw>
<kw name="Should Be Equal As Integers" library="BuiltIn">
<arg>${actual_item_count}</arg>
<arg>25</arg>
<doc>Fails if objects are unequal after converting them to integers.</doc>
<msg timestamp="20210627 21:48:26.874" level="INFO">Argument types are:
&lt;class 'int'&gt;
&lt;type 'unicode'&gt;</msg>
<msg timestamp="20210627 21:48:26.874" level="FAIL">38 != 25</msg>
<status status="FAIL" starttime="20210627 21:48:26.874" endtime="20210627 21:48:26.874"/>
</kw>
<doc>Search 'robot' and check if search results per page is equal to 25</doc>
<status status="FAIL" starttime="20210627 21:48:23.354" endtime="20210627 21:48:26.875">38 != 25</status>
</test>
<kw name="Finish Test" library="Commons" type="TEARDOWN">
<kw name="Close All Browsers" library="SeleniumLibrary">
<doc>Closes all open browsers and resets the browser cache.</doc>
<status status="PASS" starttime="20210627 21:48:26.877" endtime="20210627 21:48:29.068"/>
</kw>
<status status="PASS" starttime="20210627 21:48:26.876" endtime="20210627 21:48:29.068"/>
</kw>
<doc>Searching a text and checking whether
the total amount of items per page is equal
to the specified amount of items per page.</doc>
<status status="FAIL" starttime="20210627 21:48:20.168" endtime="20210627 21:48:29.068"/>
</suite>
<statistics>
<total>
<stat pass="0" fail="1" skip="0">All Tests</stat>
</total>
<tag>
</tag>
<suite>
<stat pass="0" fail="1" skip="0" id="s1" name="VerifyResultsCount">VerifyResultsCount</stat>
</suite>
</statistics>
<errors>
</errors>
</robot>
