<?xml version="1.0" encoding="UTF-8"?>
<robot generator="Robot 4.0.3 (Python 3.9.2 on win32)" generated="20210628 17:30:02.460" rpa="false" schemaversion="2">
<suite id="s1" name="VerifyErrorMessages" source="C:\Users\Armen\Documents\PyCharm Projects\RobotFW-Project\TestSuite\ProjectForTesvan\VerifyErrorMessages.robot">
<kw name="Start Test" library="Commons" type="SETUP">
<arg>http://projectfortesvan.herokuapp.com</arg>
<arg>${browser}</arg>
<kw name="Open Browser" library="SeleniumLibrary">
<arg>${url}</arg>
<arg>${browser}</arg>
<doc>Opens a new browser instance to the optional ``url``.</doc>
<msg timestamp="20210628 17:30:03.363" level="INFO">Opening browser 'chrome' to base url 'http://projectfortesvan.herokuapp.com'.</msg>
<status status="PASS" starttime="20210628 17:30:03.363" endtime="20210628 17:30:05.544"/>
</kw>
<kw name="Maximize Browser Window" library="SeleniumLibrary">
<doc>Maximizes current browser window.</doc>
<status status="PASS" starttime="20210628 17:30:05.544" endtime="20210628 17:30:05.668"/>
</kw>
<status status="PASS" starttime="20210628 17:30:03.363" endtime="20210628 17:30:05.669"/>
</kw>
<test id="s1-t1" name="Verify error message - Blank username and blank password">
<kw name="Invalid Login Scenarios">
<arg>Fill the fields!</arg>
<kw name="Input Text" library="SeleniumLibrary">
<arg>${username_field}</arg>
<arg>${username}</arg>
<doc>Types the given ``text`` into the text field identified by ``locator``.</doc>
<msg timestamp="20210628 17:30:05.671" level="INFO">Typing text '' into text field '//input[@type="text"]'.</msg>
<status status="PASS" starttime="20210628 17:30:05.671" endtime="20210628 17:30:05.749"/>
</kw>
<kw name="Input Text" library="SeleniumLibrary">
<arg>${password_field}</arg>
<arg>${password}</arg>
<doc>Types the given ``text`` into the text field identified by ``locator``.</doc>
<msg timestamp="20210628 17:30:05.749" level="INFO">Typing text '' into text field '//input[@type="password"]'.</msg>
<status status="PASS" starttime="20210628 17:30:05.749" endtime="20210628 17:30:05.813"/>
</kw>
<kw name="Click Button" library="SeleniumLibrary">
<arg>${signin_button}</arg>
<doc>Clicks the button identified by ``locator``.</doc>
<msg timestamp="20210628 17:30:05.814" level="INFO">Clicking button '//button[@type="submit"]'.</msg>
<status status="PASS" starttime="20210628 17:30:05.814" endtime="20210628 17:30:06.403"/>
</kw>
<kw name="Wait Until Page Contains Element" library="SeleniumLibrary">
<arg>${error_msg_field}</arg>
<doc>Waits until the element ``locator`` appears on the current page.</doc>
<status status="PASS" starttime="20210628 17:30:06.405" endtime="20210628 17:30:06.414"/>
</kw>
<kw name="Element Should Contain" library="SeleniumLibrary">
<arg>${error_msg_field}</arg>
<arg>${error_msg}</arg>
<doc>Verifies that element ``locator`` contains text ``expected``.</doc>
<msg timestamp="20210628 17:30:06.432" level="INFO">Element '//div[@class="error-message"]' contains text 'Fill the fields!'.</msg>
<status status="PASS" starttime="20210628 17:30:06.415" endtime="20210628 17:30:06.432"/>
</kw>
<status status="PASS" starttime="20210628 17:30:05.670" endtime="20210628 17:30:06.433"/>
</kw>
<status status="PASS" starttime="20210628 17:30:05.669" endtime="20210628 17:30:06.433"/>
</test>
<test id="s1-t2" name="Verify error message - Blank username and right password">
<kw name="Invalid Login Scenarios">
<arg>User.1234</arg>
<arg>Username cannot be blank!</arg>
<kw name="Input Text" library="SeleniumLibrary">
<arg>${username_field}</arg>
<arg>${username}</arg>
<doc>Types the given ``text`` into the text field identified by ``locator``.</doc>
<msg timestamp="20210628 17:30:06.437" level="INFO">Typing text '' into text field '//input[@type="text"]'.</msg>
<status status="PASS" starttime="20210628 17:30:06.437" endtime="20210628 17:30:06.499"/>
</kw>
<kw name="Input Text" library="SeleniumLibrary">
<arg>${password_field}</arg>
<arg>${password}</arg>
<doc>Types the given ``text`` into the text field identified by ``locator``.</doc>
<msg timestamp="20210628 17:30:06.499" level="INFO">Typing text 'User.1234' into text field '//input[@type="password"]'.</msg>
<status status="PASS" starttime="20210628 17:30:06.499" endtime="20210628 17:30:06.570"/>
</kw>
<kw name="Click Button" library="SeleniumLibrary">
<arg>${signin_button}</arg>
<doc>Clicks the button identified by ``locator``.</doc>
<msg timestamp="20210628 17:30:06.570" level="INFO">Clicking button '//button[@type="submit"]'.</msg>
<status status="PASS" starttime="20210628 17:30:06.570" endtime="20210628 17:30:07.170"/>
</kw>
<kw name="Wait Until Page Contains Element" library="SeleniumLibrary">
<arg>${error_msg_field}</arg>
<doc>Waits until the element ``locator`` appears on the current page.</doc>
<status status="PASS" starttime="20210628 17:30:07.171" endtime="20210628 17:30:07.178"/>
</kw>
<kw name="Element Should Contain" library="SeleniumLibrary">
<arg>${error_msg_field}</arg>
<arg>${error_msg}</arg>
<doc>Verifies that element ``locator`` contains text ``expected``.</doc>
<msg timestamp="20210628 17:30:07.196" level="INFO">Element '//div[@class="error-message"]' contains text 'Username cannot be blank!'.</msg>
<status status="PASS" starttime="20210628 17:30:07.178" endtime="20210628 17:30:07.196"/>
</kw>
<status status="PASS" starttime="20210628 17:30:06.437" endtime="20210628 17:30:07.196"/>
</kw>
<status status="PASS" starttime="20210628 17:30:06.434" endtime="20210628 17:30:07.196"/>
</test>
<test id="s1-t3" name="Verify error message - Right username and blank password">
<kw name="Invalid Login Scenarios">
<arg>demo_user</arg>
<arg>Password cannot be blank!</arg>
<kw name="Input Text" library="SeleniumLibrary">
<arg>${username_field}</arg>
<arg>${username}</arg>
<doc>Types the given ``text`` into the text field identified by ``locator``.</doc>
<msg timestamp="20210628 17:30:07.200" level="INFO">Typing text 'demo_user' into text field '//input[@type="text"]'.</msg>
<status status="PASS" starttime="20210628 17:30:07.199" endtime="20210628 17:30:07.273"/>
</kw>
<kw name="Input Text" library="SeleniumLibrary">
<arg>${password_field}</arg>
<arg>${password}</arg>
<doc>Types the given ``text`` into the text field identified by ``locator``.</doc>
<msg timestamp="20210628 17:30:07.274" level="INFO">Typing text '' into text field '//input[@type="password"]'.</msg>
<status status="PASS" starttime="20210628 17:30:07.273" endtime="20210628 17:30:07.335"/>
</kw>
<kw name="Click Button" library="SeleniumLibrary">
<arg>${signin_button}</arg>
<doc>Clicks the button identified by ``locator``.</doc>
<msg timestamp="20210628 17:30:07.336" level="INFO">Clicking button '//button[@type="submit"]'.</msg>
<status status="PASS" starttime="20210628 17:30:07.335" endtime="20210628 17:30:07.906"/>
</kw>
<kw name="Wait Until Page Contains Element" library="SeleniumLibrary">
<arg>${error_msg_field}</arg>
<doc>Waits until the element ``locator`` appears on the current page.</doc>
<status status="PASS" starttime="20210628 17:30:07.906" endtime="20210628 17:30:07.915"/>
</kw>
<kw name="Element Should Contain" library="SeleniumLibrary">
<arg>${error_msg_field}</arg>
<arg>${error_msg}</arg>
<doc>Verifies that element ``locator`` contains text ``expected``.</doc>
<msg timestamp="20210628 17:30:07.934" level="INFO">Element '//div[@class="error-message"]' contains text 'Password cannot be blank!'.</msg>
<status status="PASS" starttime="20210628 17:30:07.915" endtime="20210628 17:30:07.934"/>
</kw>
<status status="PASS" starttime="20210628 17:30:07.199" endtime="20210628 17:30:07.934"/>
</kw>
<status status="PASS" starttime="20210628 17:30:07.198" endtime="20210628 17:30:07.934"/>
</test>
<test id="s1-t4" name="Verify error message - Right username and wrong password">
<kw name="Invalid Login Scenarios">
<arg>demo_user</arg>
<arg>User.12345</arg>
<arg>Username or password is incorrect!</arg>
<kw name="Input Text" library="SeleniumLibrary">
<arg>${username_field}</arg>
<arg>${username}</arg>
<doc>Types the given ``text`` into the text field identified by ``locator``.</doc>
<msg timestamp="20210628 17:30:07.938" level="INFO">Typing text 'demo_user' into text field '//input[@type="text"]'.</msg>
<status status="PASS" starttime="20210628 17:30:07.938" endtime="20210628 17:30:08.013"/>
</kw>
<kw name="Input Text" library="SeleniumLibrary">
<arg>${password_field}</arg>
<arg>${password}</arg>
<doc>Types the given ``text`` into the text field identified by ``locator``.</doc>
<msg timestamp="20210628 17:30:08.013" level="INFO">Typing text 'User.12345' into text field '//input[@type="password"]'.</msg>
<status status="PASS" starttime="20210628 17:30:08.013" endtime="20210628 17:30:08.083"/>
</kw>
<kw name="Click Button" library="SeleniumLibrary">
<arg>${signin_button}</arg>
<doc>Clicks the button identified by ``locator``.</doc>
<msg timestamp="20210628 17:30:08.083" level="INFO">Clicking button '//button[@type="submit"]'.</msg>
<status status="PASS" starttime="20210628 17:30:08.083" endtime="20210628 17:30:08.682"/>
</kw>
<kw name="Wait Until Page Contains Element" library="SeleniumLibrary">
<arg>${error_msg_field}</arg>
<doc>Waits until the element ``locator`` appears on the current page.</doc>
<status status="PASS" starttime="20210628 17:30:08.682" endtime="20210628 17:30:08.690"/>
</kw>
<kw name="Element Should Contain" library="SeleniumLibrary">
<arg>${error_msg_field}</arg>
<arg>${error_msg}</arg>
<doc>Verifies that element ``locator`` contains text ``expected``.</doc>
<msg timestamp="20210628 17:30:08.711" level="INFO">Element '//div[@class="error-message"]' contains text 'Username or password is incorrect!'.</msg>
<status status="PASS" starttime="20210628 17:30:08.690" endtime="20210628 17:30:08.711"/>
</kw>
<status status="PASS" starttime="20210628 17:30:07.937" endtime="20210628 17:30:08.711"/>
</kw>
<status status="PASS" starttime="20210628 17:30:07.936" endtime="20210628 17:30:08.711"/>
</test>
<test id="s1-t5" name="Verify error message - Wrong username and right password">
<kw name="Invalid Login Scenarios">
<arg>demo-user</arg>
<arg>User.1234</arg>
<arg>Username or password is incorrect!</arg>
<kw name="Input Text" library="SeleniumLibrary">
<arg>${username_field}</arg>
<arg>${username}</arg>
<doc>Types the given ``text`` into the text field identified by ``locator``.</doc>
<msg timestamp="20210628 17:30:08.714" level="INFO">Typing text 'demo-user' into text field '//input[@type="text"]'.</msg>
<status status="PASS" starttime="20210628 17:30:08.714" endtime="20210628 17:30:08.786"/>
</kw>
<kw name="Input Text" library="SeleniumLibrary">
<arg>${password_field}</arg>
<arg>${password}</arg>
<doc>Types the given ``text`` into the text field identified by ``locator``.</doc>
<msg timestamp="20210628 17:30:08.786" level="INFO">Typing text 'User.1234' into text field '//input[@type="password"]'.</msg>
<status status="PASS" starttime="20210628 17:30:08.786" endtime="20210628 17:30:08.856"/>
</kw>
<kw name="Click Button" library="SeleniumLibrary">
<arg>${signin_button}</arg>
<doc>Clicks the button identified by ``locator``.</doc>
<msg timestamp="20210628 17:30:08.857" level="INFO">Clicking button '//button[@type="submit"]'.</msg>
<status status="PASS" starttime="20210628 17:30:08.856" endtime="20210628 17:30:09.447"/>
</kw>
<kw name="Wait Until Page Contains Element" library="SeleniumLibrary">
<arg>${error_msg_field}</arg>
<doc>Waits until the element ``locator`` appears on the current page.</doc>
<status status="PASS" starttime="20210628 17:30:09.447" endtime="20210628 17:30:09.455"/>
</kw>
<kw name="Element Should Contain" library="SeleniumLibrary">
<arg>${error_msg_field}</arg>
<arg>${error_msg}</arg>
<doc>Verifies that element ``locator`` contains text ``expected``.</doc>
<msg timestamp="20210628 17:30:09.476" level="INFO">Element '//div[@class="error-message"]' contains text 'Username or password is incorrect!'.</msg>
<status status="PASS" starttime="20210628 17:30:09.455" endtime="20210628 17:30:09.476"/>
</kw>
<status status="PASS" starttime="20210628 17:30:08.714" endtime="20210628 17:30:09.477"/>
</kw>
<status status="PASS" starttime="20210628 17:30:08.712" endtime="20210628 17:30:09.477"/>
</test>
<kw name="Finish Test" library="Commons" type="TEARDOWN">
<kw name="Close All Browsers" library="SeleniumLibrary">
<doc>Closes all open browsers and resets the browser cache.</doc>
<status status="PASS" starttime="20210628 17:30:09.479" endtime="20210628 17:30:11.657"/>
</kw>
<status status="PASS" starttime="20210628 17:30:09.479" endtime="20210628 17:30:11.657"/>
</kw>
<doc>Tests to verify that the website
shows proper error messages if
improper credentials have been given
with Data-Driven Testing approach.</doc>
<status status="PASS" starttime="20210628 17:30:02.476" endtime="20210628 17:30:11.657"/>
</suite>
<statistics>
<total>
<stat pass="5" fail="0" skip="0">All Tests</stat>
</total>
<tag>
</tag>
<suite>
<stat pass="5" fail="0" skip="0" id="s1" name="VerifyErrorMessages">VerifyErrorMessages</stat>
</suite>
</statistics>
<errors>
</errors>
</robot>
